<?xml version="1.0" encoding="UTF-8"?>
<!-- Generated by org.testng.reporters.JUnitXMLReporter -->
<testsuite hostname="M7-DX-HWBMXJ2" name="Default test" tests="1" failures="0" timestamp="7 Aug 2019 09:40:47 GMT" time="0.043" errors="0">
  <testcase name="@BeforeClass setUpClass" time="0.0" classname="Cucumber.RunnerClass">
    <failure type="java.lang.NoClassDefFoundError" message="gherkin/formatter/Reporter">
      <![CDATA[java.lang.NoClassDefFoundError: gherkin/formatter/Reporter
	at cucumber.api.testng.AbstractTestNGCucumberTests.setUpClass(AbstractTestNGCucumberTests.java:16)
Caused by: java.lang.ClassNotFoundException: gherkin.formatter.Reporter
	at java.net.URLClassLoader.findClass(Unknown Source)
	at java.lang.ClassLoader.loadClass(Unknown Source)
	at sun.misc.Launcher$AppClassLoader.loadClass(Unknown Source)
	at java.lang.ClassLoader.loadClass(Unknown Source)
	... 25 more
... Removed 24 stack frames]]>
    </failure>
  </testcase> <!-- @BeforeClass setUpClass -->
  <testcase name="@AfterClass tearDownClass" time="0.0" classname="Cucumber.RunnerClass">
    <skipped/>
  </testcase> <!-- @AfterClass tearDownClass -->
  <testcase name="feature" time="0.0" classname="Cucumber.RunnerClass">
    <skipped/>
  </testcase> <!-- feature -->
</testsuite> <!-- Default test -->
